{
  "stats": {
    "suites": 1,
    "tests": 1,
    "passes": 1,
    "pending": 0,
    "failures": 0,
    "start": "2021-02-21T07:51:12.834Z",
    "end": "2021-02-21T07:51:19.954Z",
    "duration": 7120,
    "testsRegistered": 1,
    "passPercent": 100,
    "pendingPercent": 0,
    "other": 0,
    "hasOther": false,
    "skipped": 0,
    "hasSkipped": false
  },
  "results": [
    {
      "uuid": "5f100dad-6b70-4a9a-b23f-2bea4b132dae",
      "title": "",
      "fullFile": "cypress\\integration\\conduit-tests\\upload-file.spec.js",
      "file": "cypress\\integration\\conduit-tests\\upload-file.spec.js",
      "beforeHooks": [],
      "afterHooks": [],
      "tests": [],
      "suites": [
        {
          "uuid": "dea81ebe-d6d5-4474-a86d-b09f513fed92",
          "title": "File upload",
          "fullFile": "",
          "file": "",
          "beforeHooks": [],
          "afterHooks": [],
          "tests": [
            {
              "title": "should allow file upload",
              "fullTitle": "File upload should allow file upload",
              "timedOut": null,
              "duration": 1184,
              "state": "passed",
              "speed": "slow",
              "pass": true,
              "fail": false,
              "pending": false,
              "context": null,
              "code": "cy.visit('https://cgi-lib.berkeley.edu/ex/fup.html');\nvar fileName = 'sample-data.json';\ncy.get('input[name=\"upfile\"]').attachFile(fileName);\ncy.get('input[value=\"Press\"]').click();\ncy.contains(\"You've uploaded a file. Your notes on the file were:\");",
              "err": {},
              "uuid": "f358aa2e-3a99-4b1b-821f-196e41f60b59",
              "parentUUID": "dea81ebe-d6d5-4474-a86d-b09f513fed92",
              "isHook": false,
              "skipped": false
            }
          ],
          "suites": [],
          "passes": [
            "f358aa2e-3a99-4b1b-821f-196e41f60b59"
          ],
          "failures": [],
          "pending": [],
          "skipped": [],
          "duration": 1184,
          "root": false,
          "rootEmpty": false,
          "_timeout": 2000
        }
      ],
      "passes": [],
      "failures": [],
      "pending": [],
      "skipped": [],
      "duration": 0,
      "root": true,
      "rootEmpty": true,
      "_timeout": 2000
    }
  ],
  "meta": {
    "mocha": {
      "version": "7.0.1"
    },
    "mochawesome": {
      "options": {
        "quiet": false,
        "reportFilename": "mochawesome",
        "saveHtml": true,
        "saveJson": true,
        "consoleReporter": "spec",
        "useInlineDiffs": false,
        "code": true
      },
      "version": "6.2.2"
    },
    "marge": {
      "options": {
        "id": "default",
        "reportDir": "cypress/reports/mocha",
        "quite": true,
        "overwrite": false,
        "html": true,
        "json": true
      },
      "version": "5.2.0"
    }
  }
}